0 silly argv {
0 silly argv   _: [ 'publish' ],
0 silly argv   composed: 'publish',
0 silly argv   lernaVersion: '8.0.0',
0 silly argv   '$0': 'lerna'
0 silly argv }
1 notice cli v8.0.0
2 verbose packageConfigs Explicit "packages" configuration found in lerna.json. Resolving packages using the configured glob(s): ["packages/@merx/*"]
3 verbose rootPath /Users/hongjia/mylib
4 verbose session 7bc3316c67990dc8
5 verbose user-agent lerna/8.0.0/node@v16.18.1+x64 (darwin)
6 silly argv { _: [ 'publish' ], composed: 'publish', lernaVersion: '8.0.0' }
7 verbose packageConfigs Explicit "packages" configuration found in lerna.json. Resolving packages using the configured glob(s): ["packages/@merx/*"]
8 verbose rootPath /Users/hongjia/mylib
9 info current version 1.0.0-alpha.0
10 silly isAnythingCommitted
11 verbose isAnythingCommitted 1
12 silly getCurrentBranch
13 verbose currentBranch develop
14 silly remoteBranchExists
15 silly isBehindUpstream
16 silly isBehindUpstream develop is behind origin/develop by 0 commit(s) and ahead by 0
17 silly hasTags
18 verbose hasTags false
19 info Assuming all packages changed
20 verbose updated @merx/cli
21 verbose updated @merx/cli-build-service
22 verbose updated @merx/cli-shared-utils
23 verbose git-describe undefined => "0606c2a"
24 silly git-describe parsed => {"refCount":"5","sha":"0606c2a","isDirty":false}
25 info execute Skipping releases
26 silly lifecycle No script for "preversion" in "mylib", continuing
27 silly lifecycle No script for "preversion" in "@merx/cli", continuing
28 silly lifecycle No script for "preversion" in "@merx/cli-build-service", continuing
29 silly lifecycle No script for "preversion" in "@merx/cli-shared-utils", continuing
30 verbose version @merx/cli-build-service has no lockfile. Skipping lockfile update.
31 verbose version @merx/cli-shared-utils has no lockfile. Skipping lockfile update.
32 verbose version @merx/cli has no lockfile. Skipping lockfile update.
33 silly lifecycle No script for "version" in "@merx/cli-build-service", continuing
34 silly lifecycle No script for "version" in "@merx/cli", continuing
35 silly lifecycle No script for "version" in "@merx/cli-shared-utils", continuing
36 silly lifecycle No script for "version" in "mylib", continuing
37 verbose version Updating root package-lock.json
38 silly version Successfully applied prettier to updated file: packages/@merx/cli-build-service/package.json
39 silly version Successfully applied prettier to updated file: packages/@merx/cli/package.json
40 silly version Successfully applied prettier to updated file: packages/@merx/cli-shared-utils/package.json
41 silly version Successfully applied prettier to updated file: lerna.json
42 silly version Skipped applying prettier to ignored file: package-lock.json
43 silly gitAdd [
43 silly gitAdd   'packages/@merx/cli-build-service/package.json',
43 silly gitAdd   'packages/@merx/cli/package.json',
43 silly gitAdd   'packages/@merx/cli-shared-utils/package.json',
43 silly gitAdd   'lerna.json',
43 silly gitAdd   'package-lock.json'
43 silly gitAdd ]
44 silly gitCommit v1.0.0-alpha.1
45 verbose git [ 'commit', '-m', 'v1.0.0-alpha.1' ]
46 silly gitTag v1.0.0-alpha.1 git tag %s -m %s
47 verbose git [ 'tag', 'v1.0.0-alpha.1', '-m', 'v1.0.0-alpha.1' ]
48 silly lifecycle No script for "postversion" in "@merx/cli", continuing
49 silly lifecycle No script for "postversion" in "@merx/cli-build-service", continuing
50 silly lifecycle No script for "postversion" in "@merx/cli-shared-utils", continuing
51 silly lifecycle No script for "postversion" in "mylib", continuing
52 info git Pushing tags...
53 silly gitPush origin develop
54 info publish Publishing packages to npm...
55 silly getCurrentSHA
56 verbose getCurrentSHA 4d6a69de5b55b784e9a735a57d9615456e66a5f7
57 silly lifecycle No script for "prepublish" in "mylib", continuing
58 silly lifecycle "prepare" starting in "mylib"
59 info lifecycle mylib@undefined~prepare: mylib@undefined
60 silly lifecycle "prepare" finished in "mylib"
61 silly lifecycle No script for "prepublishOnly" in "mylib", continuing
62 silly lifecycle No script for "prepack" in "mylib", continuing
63 verbose pack-directory packages/@merx/cli
64 verbose pack-directory packages/@merx/cli-build-service
65 verbose pack-directory packages/@merx/cli-shared-utils
66 silly lifecycle No script for "prepublish" in "@merx/cli", continuing
67 silly lifecycle No script for "prepublish" in "@merx/cli-build-service", continuing
68 silly lifecycle No script for "prepublish" in "@merx/cli-shared-utils", continuing
69 silly lifecycle No script for "prepare" in "@merx/cli", continuing
70 silly lifecycle No script for "prepare" in "@merx/cli-build-service", continuing
71 silly lifecycle No script for "prepare" in "@merx/cli-shared-utils", continuing
72 silly lifecycle No script for "prepublishOnly" in "@merx/cli", continuing
73 silly lifecycle No script for "prepublishOnly" in "@merx/cli-shared-utils", continuing
74 silly lifecycle No script for "prepublishOnly" in "@merx/cli-build-service", continuing
75 silly lifecycle No script for "prepack" in "@merx/cli", continuing
76 silly lifecycle No script for "prepack" in "@merx/cli-shared-utils", continuing
77 silly lifecycle No script for "prepack" in "@merx/cli-build-service", continuing
78 silly lifecycle No script for "postpack" in "@merx/cli-shared-utils", continuing
79 verbose packed packages/@merx/cli-shared-utils
80 silly lifecycle No script for "postpack" in "@merx/cli-build-service", continuing
81 verbose packed packages/@merx/cli-build-service
82 silly lifecycle No script for "postpack" in "@merx/cli", continuing
83 verbose packed packages/@merx/cli
84 silly lifecycle No script for "postpack" in "mylib", continuing
85 verbose publish @merx/cli
86 verbose publish @merx/cli-build-service
87 verbose publish @merx/cli-shared-utils
88 silly FetchError: request to https://registry.npmjs.org/@merx%2fcli failed, reason: connect ETIMEDOUT 104.16.25.34:443
88 silly     at ClientRequest.<anonymous> (/Users/hongjia/mylib/node_modules/minipass-fetch/lib/index.js:130:14)
88 silly     at ClientRequest.emit (node:events:513:28)
88 silly     at TLSSocket.socketErrorListener (node:_http_client:494:9)
88 silly     at TLSSocket.emit (node:events:525:35)
88 silly     at emitErrorNT (node:internal/streams/destroy:157:8)
88 silly     at emitErrorCloseNT (node:internal/streams/destroy:122:3)
88 silly     at processTicksAndRejections (node:internal/process/task_queues:83:21)
88 silly  FetchError: request to https://registry.npmjs.org/@merx%2fcli failed, reason: connect ETIMEDOUT 104.16.25.34:443
88 silly     at ClientRequest.<anonymous> (/Users/hongjia/mylib/node_modules/minipass-fetch/lib/index.js:130:14)
88 silly     at ClientRequest.emit (node:events:513:28)
88 silly     at TLSSocket.socketErrorListener (node:_http_client:494:9)
88 silly     at TLSSocket.emit (node:events:525:35)
88 silly     at emitErrorNT (node:internal/streams/destroy:157:8)
88 silly     at emitErrorCloseNT (node:internal/streams/destroy:122:3)
88 silly     at processTicksAndRejections (node:internal/process/task_queues:83:21) {
88 silly   code: 'ETIMEDOUT',
88 silly   errno: 'ETIMEDOUT',
88 silly   syscall: 'connect',
88 silly   address: '104.16.25.34',
88 silly   port: 443,
88 silly   type: 'system'
88 silly }
89 warn notice Package failed to publish: @merx/cli
90 error ETIMEDOUT request to https://registry.npmjs.org/@merx%2fcli failed, reason: connect ETIMEDOUT 104.16.25.34:443
91 error errno "ETIMEDOUT" is not a valid exit code - exiting with code 1
92 silly FetchError: request to https://registry.npmjs.org/@merx%2fcli-build-service failed, reason: connect ETIMEDOUT 104.16.25.34:443
92 silly     at ClientRequest.<anonymous> (/Users/hongjia/mylib/node_modules/minipass-fetch/lib/index.js:130:14)
92 silly     at ClientRequest.emit (node:events:513:28)
92 silly     at TLSSocket.socketErrorListener (node:_http_client:494:9)
92 silly     at TLSSocket.emit (node:events:525:35)
92 silly     at emitErrorNT (node:internal/streams/destroy:157:8)
92 silly     at emitErrorCloseNT (node:internal/streams/destroy:122:3)
92 silly     at processTicksAndRejections (node:internal/process/task_queues:83:21)
92 silly  FetchError: request to https://registry.npmjs.org/@merx%2fcli-build-service failed, reason: connect ETIMEDOUT 104.16.25.34:443
92 silly     at ClientRequest.<anonymous> (/Users/hongjia/mylib/node_modules/minipass-fetch/lib/index.js:130:14)
92 silly     at ClientRequest.emit (node:events:513:28)
92 silly     at TLSSocket.socketErrorListener (node:_http_client:494:9)
92 silly     at TLSSocket.emit (node:events:525:35)
92 silly     at emitErrorNT (node:internal/streams/destroy:157:8)
92 silly     at emitErrorCloseNT (node:internal/streams/destroy:122:3)
92 silly     at processTicksAndRejections (node:internal/process/task_queues:83:21) {
92 silly   code: 'ETIMEDOUT',
92 silly   errno: 'ETIMEDOUT',
92 silly   syscall: 'connect',
92 silly   address: '104.16.25.34',
92 silly   port: 443,
92 silly   type: 'system'
92 silly }
93 warn notice Package failed to publish: @merx/cli-build-service
94 error ETIMEDOUT request to https://registry.npmjs.org/@merx%2fcli-build-service failed, reason: connect ETIMEDOUT 104.16.25.34:443
95 error errno "ETIMEDOUT" is not a valid exit code - exiting with code 1
96 silly FetchError: request to https://registry.npmjs.org/@merx%2fcli-shared-utils failed, reason: connect ETIMEDOUT 104.16.25.34:443
96 silly     at ClientRequest.<anonymous> (/Users/hongjia/mylib/node_modules/minipass-fetch/lib/index.js:130:14)
96 silly     at ClientRequest.emit (node:events:513:28)
96 silly     at TLSSocket.socketErrorListener (node:_http_client:494:9)
96 silly     at TLSSocket.emit (node:events:525:35)
96 silly     at emitErrorNT (node:internal/streams/destroy:157:8)
96 silly     at emitErrorCloseNT (node:internal/streams/destroy:122:3)
96 silly     at processTicksAndRejections (node:internal/process/task_queues:83:21)
96 silly  FetchError: request to https://registry.npmjs.org/@merx%2fcli-shared-utils failed, reason: connect ETIMEDOUT 104.16.25.34:443
96 silly     at ClientRequest.<anonymous> (/Users/hongjia/mylib/node_modules/minipass-fetch/lib/index.js:130:14)
96 silly     at ClientRequest.emit (node:events:513:28)
96 silly     at TLSSocket.socketErrorListener (node:_http_client:494:9)
96 silly     at TLSSocket.emit (node:events:525:35)
96 silly     at emitErrorNT (node:internal/streams/destroy:157:8)
96 silly     at emitErrorCloseNT (node:internal/streams/destroy:122:3)
96 silly     at processTicksAndRejections (node:internal/process/task_queues:83:21) {
96 silly   code: 'ETIMEDOUT',
96 silly   errno: 'ETIMEDOUT',
96 silly   syscall: 'connect',
96 silly   address: '104.16.25.34',
96 silly   port: 443,
96 silly   type: 'system'
96 silly }
97 warn notice Package failed to publish: @merx/cli-shared-utils
98 error ETIMEDOUT request to https://registry.npmjs.org/@merx%2fcli-shared-utils failed, reason: connect ETIMEDOUT 104.16.25.34:443
99 error errno "ETIMEDOUT" is not a valid exit code - exiting with code 1
100 error FetchError: request to https://registry.npmjs.org/@merx%2fcli failed, reason: connect ETIMEDOUT 104.16.25.34:443
100 error     at ClientRequest.<anonymous> (/Users/hongjia/mylib/node_modules/minipass-fetch/lib/index.js:130:14)
100 error     at ClientRequest.emit (node:events:513:28)
100 error     at TLSSocket.socketErrorListener (node:_http_client:494:9)
100 error     at TLSSocket.emit (node:events:525:35)
100 error     at emitErrorNT (node:internal/streams/destroy:157:8)
100 error     at emitErrorCloseNT (node:internal/streams/destroy:122:3)
